┌─────────────────────┬────────────────────────────────────────────────────────┐
│ high                │ node-tar is Vulnerable to Arbitrary File Overwrite and │
│                     │ Symlink Poisoning via Insufficient Path Sanitization   │
├─────────────────────┼────────────────────────────────────────────────────────┤
│ Package             │ tar                                                    │
├─────────────────────┼────────────────────────────────────────────────────────┤
│ Vulnerable versions │ <=7.5.2                                                │
├─────────────────────┼────────────────────────────────────────────────────────┤
│ Patched versions    │ >=7.5.3                                                │
├─────────────────────┼────────────────────────────────────────────────────────┤
│ Paths               │ .>bcrypt>@mapbox/node-pre-gyp>tar                      │
├─────────────────────┼────────────────────────────────────────────────────────┤
│ More info           │ https://github.com/advisories/GHSA-8qq5-rm4j-mr97      │
└─────────────────────┴────────────────────────────────────────────────────────┘
┌─────────────────────┬────────────────────────────────────────────────────────┐
│ low                 │ jsdiff has a Denial of Service vulnerability in        │
│                     │ parsePatch and applyPatch                              │
├─────────────────────┼────────────────────────────────────────────────────────┤
│ Package             │ diff                                                   │
├─────────────────────┼────────────────────────────────────────────────────────┤
│ Vulnerable versions │ <8.0.3                                                 │
├─────────────────────┼────────────────────────────────────────────────────────┤
│ Patched versions    │ >=8.0.3                                                │
├─────────────────────┼────────────────────────────────────────────────────────┤
│ Paths               │ .>ts-node>diff                                         │
│                     │                                                        │
│                     │ .>shadcn>diff                                          │
├─────────────────────┼────────────────────────────────────────────────────────┤
│ More info           │ https://github.com/advisories/GHSA-73rr-hh4g-fpgx      │
└─────────────────────┴────────────────────────────────────────────────────────┘
3 vulnerabilities found
Severity: 2 low | 1 high
